[2016.01.07-15.02.57:349][  0]Log file open, 01/07/16 16:02:57
[2016.01.07-15.02.57:349][  0]LogInit:Display: Running engine for game: ideassey
[2016.01.07-15.02.57:349][  0]LogPlatformFile: Not using cached read wrapper
[2016.01.07-15.02.57:349][  0]LogInit:Display: RandInit(-91635908) SRandInit(-91635908).
[2016.01.07-15.02.57:349][  0]LogTaskGraph: Started task graph with 4 named threads and 7 total threads.
[2016.01.07-15.02.57:349][  0]LogStats: Stats thread started at 0.076449
[2016.01.07-15.02.57:349][  0]LogInit: Version: 4.10.1-2791327+++depot+UE4-Releases+4.10
[2016.01.07-15.02.57:349][  0]LogInit: API Version: 2758231
[2016.01.07-15.02.57:349][  0]LogInit: Compiled (64-bit): Dec  4 2015 19:44:40
[2016.01.07-15.02.57:349][  0]LogInit: Compiled with Visual C++: 19.00.23026.00
[2016.01.07-15.02.57:349][  0]LogInit: Build Configuration: Development
[2016.01.07-15.02.57:349][  0]LogInit: Branch Name: ++depot+UE4-Releases+4.10
[2016.01.07-15.02.57:349][  0]LogInit: Command line: 
[2016.01.07-15.02.57:349][  0]LogInit: Base directory: C:/Program Files/Epic Games/4.10/Engine/Binaries/Win64/
[2016.01.07-15.02.57:349][  0]LogInit: Rocket: 1
[2016.01.07-15.02.57:355][  0]LogInit: Using libcurl 7.41.0
[2016.01.07-15.02.57:355][  0]LogInit:  - built for x86_64-pc-win32
[2016.01.07-15.02.57:355][  0]LogInit:  - supports SSL with WinSSL
[2016.01.07-15.02.57:355][  0]LogInit:  - other features:
[2016.01.07-15.02.57:355][  0]LogInit:      CURL_VERSION_SSL
[2016.01.07-15.02.57:355][  0]LogInit:      CURL_VERSION_IPV6
[2016.01.07-15.02.57:355][  0]LogInit:      CURL_VERSION_ASYNCHDNS
[2016.01.07-15.02.57:355][  0]LogInit:      CURL_VERSION_LARGEFILE
[2016.01.07-15.02.57:355][  0]LogInit:      CURL_VERSION_IDN
[2016.01.07-15.02.57:355][  0]LogInit:  CurlRequestOptions (configurable via config and command line):
[2016.01.07-15.02.57:355][  0]LogInit:  - bVerifyPeer = true  - Libcurl will verify peer certificate
[2016.01.07-15.02.57:355][  0]LogInit:  - bUseHttpProxy = false  - Libcurl will NOT use HTTP proxy
[2016.01.07-15.02.57:355][  0]LogInit:  - bDontReuseConnections = false  - Libcurl will reuse connections
[2016.01.07-15.02.57:355][  0]LogInit:  - CertBundlePath = nullptr  - Libcurl will use whatever was configured at build time.
[2016.01.07-15.02.57:361][  0]LogInit: Presizing for 0 objects not considered by GC, pre-allocating 0 bytes.
[2016.01.07-15.02.57:366][  0]LogInit: Object subsystem initialized
[2016.01.07-15.02.57:367][  0]LogInit: Selected Device Profile: [Windows]
[2016.01.07-15.02.57:367][  0]LogInit: Applying CVar settings loaded from the selected device profile: [Windows]
[2016.01.07-15.02.57:375][  0]LogInit: Computer: PLEXUS
[2016.01.07-15.02.57:375][  0]LogInit: User: armabon
[2016.01.07-15.02.57:375][  0]LogInit: CPU Page size=4096, Cores=4
[2016.01.07-15.02.57:375][  0]LogInit: High frequency timer resolution =2.338344 MHz
[2016.01.07-15.02.57:375][  0]LogMemory: Memory total: Physical=15.9GB (16GB approx)
[2016.01.07-15.02.57:375][  0]LogMemory: Platform Memory Stats for Windows
[2016.01.07-15.02.57:375][  0]LogMemory: Process Physical Memory: 56.19 MB used, 56.19 MB peak
[2016.01.07-15.02.57:375][  0]LogMemory: Process Virtual Memory: 58.79 MB used, 58.79 MB peak
[2016.01.07-15.02.57:375][  0]LogMemory: Physical Memory: 4806.84 MB used, 16269.11 MB total
[2016.01.07-15.02.57:375][  0]LogMemory: Virtual Memory: 385.84 MB used, 134217728.00 MB total
[2016.01.07-15.02.57:492][  0]LogTextLocalizationManager: No translations for ('fr-FR') exist, falling back to 'en' for localization and internationalization data.
[2016.01.07-15.02.57:985][  0]LogD3D11RHI: Found D3D11 adapter 0: NVIDIA GeForce GTX 765M       (Feature Level 11_0)
[2016.01.07-15.02.57:985][  0]LogD3D11RHI: Adapter has 1989MB of dedicated video memory, 0MB of dedicated system memory, and 8134MB of shared system memory, 1 output[s]
[2016.01.07-15.02.57:990][  0]LogD3D11RHI: Found D3D11 adapter 1: Intel(R) HD Graphics 4600 (Feature Level 11_0)
[2016.01.07-15.02.57:990][  0]LogD3D11RHI: Adapter has 112MB of dedicated video memory, 0MB of dedicated system memory, and 8134MB of shared system memory, 0 output[s]
[2016.01.07-15.02.57:992][  0]LogD3D11RHI: Found D3D11 adapter 2: Microsoft Basic Render Driver (Feature Level 11_0)
[2016.01.07-15.02.57:992][  0]LogD3D11RHI: Adapter has 0MB of dedicated video memory, 0MB of dedicated system memory, and 8134MB of shared system memory, 0 output[s]
[2016.01.07-15.02.57:992][  0]LogD3D11RHI: Chosen D3D11 Adapter Id = 0
[2016.01.07-15.02.57:996][  0]LogD3D11RHI: !Direct3DDevice
[2016.01.07-15.02.57:996][  0]LogRHI: Texture pool is 1361 MB (70% of 1945 MB)
[2016.01.07-15.02.58:008][  0]LogD3D11RHI: Async texture creation enabled
[2016.01.07-15.02.58:024][  0]LogShaderCompilers: Guid format shader working directory is -12 characters bigger than the processId version (D:/Work/ATI/Intensif/Semaine_3/Pototype_2/Prototype/ideassey/Intermediate/Shaders/WorkingDirectory/7504/).
[2016.01.07-15.02.58:024][  0]LogShaderCompilers: Cleaned the shader compiler working directory 'C:/Users/armabon/AppData/Local/Temp/UnrealShaderWorkingDir/C3AAD73A4D58AD0617364D8AC1525098/'.
[2016.01.07-15.02.58:024][  0]LogShaderCompilers:Display: Using Local Shader Compiler.
[2016.01.07-15.02.58:695][  0]LogTemp:Display: Loaded TP AllDesktopTargetPlatform
[2016.01.07-15.02.58:699][  0]LogTemp:Display: Loaded TP WindowsClientTargetPlatform
[2016.01.07-15.02.58:703][  0]LogTemp:Display: Loaded TP WindowsNoEditorTargetPlatform
[2016.01.07-15.02.58:708][  0]LogTemp:Display: Loaded TP WindowsServerTargetPlatform
[2016.01.07-15.02.58:712][  0]LogTemp:Display: Loaded TP WindowsTargetPlatform
[2016.01.07-15.02.58:714][  0]LogTemp:Display: Loaded TP AndroidTargetPlatform
[2016.01.07-15.02.58:717][  0]LogTemp:Display: Loaded TP Android_ASTCTargetPlatform
[2016.01.07-15.02.58:719][  0]LogTemp:Display: Loaded TP Android_ATCTargetPlatform
[2016.01.07-15.02.58:722][  0]LogTemp:Display: Loaded TP Android_DXTTargetPlatform
[2016.01.07-15.02.58:725][  0]LogTemp:Display: Loaded TP Android_ETC1TargetPlatform
[2016.01.07-15.02.58:727][  0]LogTemp:Display: Loaded TP Android_ETC2TargetPlatform
[2016.01.07-15.02.58:733][  0]LogTemp:Display: Loaded TP Android_MultiTargetPlatform
[2016.01.07-15.02.58:733][  0]LogTemp:Display: Loaded TP Android_PVRTCTargetPlatform
[2016.01.07-15.02.58:733][  0]LogTemp:Display: Loaded TP HTML5TargetPlatform
[2016.01.07-15.02.58:749][  0]LogTemp:Display: Loaded TP IOSTargetPlatform
[2016.01.07-15.02.58:752][  0]LogTemp:Display: Loaded TP LinuxNoEditorTargetPlatform
[2016.01.07-15.02.58:754][  0]LogTemp:Display: Loaded TP LinuxServerTargetPlatform
[2016.01.07-15.02.58:756][  0]LogTemp:Display: Loaded TP LinuxTargetPlatform
[2016.01.07-15.02.58:757][  0]LogTargetPlatformManager:Display: Building Assets For Windows
[2016.01.07-15.02.58:828][  0]LogDerivedDataCache:Display: Max Cache Size: 512 MB
[2016.01.07-15.02.58:864][  0]LogDerivedDataCache: Loaded boot cache 0.04s 41MB C:/Users/armabon/AppData/Local/UnrealEngine/4.10/DerivedDataCache/Boot.ddc.
[2016.01.07-15.02.58:864][  0]LogDerivedDataCache:Display: Loaded Boot cache: C:/Users/armabon/AppData/Local/UnrealEngine/4.10/DerivedDataCache/Boot.ddc
[2016.01.07-15.02.58:864][  0]LogDerivedDataCache: FDerivedDataBackendGraph:  Pak pak cache file D:/Work/ATI/Intensif/Semaine_3/Pototype_2/Prototype/ideassey/DerivedDataCache/DDC.ddp not found, will not use a pak cache.
[2016.01.07-15.02.58:864][  0]LogDerivedDataCache: Unable to find inner node Pak for hierarchical cache Hierarchy.
[2016.01.07-15.02.58:864][  0]LogDerivedDataCache: FDerivedDataBackendGraph:  CompressedPak pak cache file D:/Work/ATI/Intensif/Semaine_3/Pototype_2/Prototype/ideassey/DerivedDataCache/Compressed.ddp not found, will not use a pak cache.
[2016.01.07-15.02.58:864][  0]LogDerivedDataCache: Unable to find inner node CompressedPak for hierarchical cache Hierarchy.
[2016.01.07-15.02.58:918][  0]LogDerivedDataCache:Display: Pak cache opened for reading ../../../Engine/DerivedDataCache/Compressed.ddp.
[2016.01.07-15.02.58:931][  0]LogDerivedDataCache: Using Local data cache path C:/Users/armabon/AppData/Local/UnrealEngine/Common/DerivedDataCache: Writable
[2016.01.07-15.02.59:087][  0]LogInit: Selected Device Profile: [Windows]
[2016.01.07-15.02.59:089][  0]LogContentStreaming: Texture pool size is 0.000000MB
[2016.01.07-15.02.59:185][  0]LogMeshUtilities: No automatic mesh reduction module available
[2016.01.07-15.02.59:185][  0]LogMeshUtilities: No automatic mesh merging module available
[2016.01.07-15.02.59:375][  0]LogInit: WinSock: version 1.1 (2.2), MaxSocks=32767, MaxUdp=65467
[2016.01.07-15.03.00:023][  0]UdpMessaging: Initializing bridge on interface 0.0.0.0:0 to multicast group 230.0.0.1:6666.
[2016.01.07-15.03.00:116][  0]LogAssetRegistry: FAssetRegistry took 0.0110 seconds to start up
[2016.01.07-15.03.00:248][  0]SourceControl: Info Source control is disabled
[2016.01.07-15.03.00:255][  0]SourceControl: Info Source control is disabled
[2016.01.07-15.03.00:264][  0]SourceControl: Info Source control is disabled
[2016.01.07-15.03.00:273][  0]SourceControl: Info Source control is disabled
[2016.01.07-15.03.00:474][  0]LogObj: 28633 objects as part of root set at end of initial load.
[2016.01.07-15.03.00:474][  0]LogUObjectAllocator: 6099752 out of 0 bytes used by permanent object pool.
[2016.01.07-15.03.00:526][  0]LogEngine: Initializing Engine...
[2016.01.07-15.03.00:528][  0]LogHMD: Can't find Oculus library dev build: is proper Runtime installed? Version: 0.8.0.0
[2016.01.07-15.03.00:534][  0]LogHMD: SteamVR failed to initialize.  Err: 108
[2016.01.07-15.03.00:645][  0]LogAIModule: Creating AISystem for world NewWorld
[2016.01.07-15.03.00:649][  0]LogInit: XAudio2 using 'Haut-parleurs / écouteurs (Realtek High Definition Audio)' : 2 channels at 48 kHz using 32 bits per sample (channel mask 0x3)
[2016.01.07-15.03.00:671][  0]LogInit: FAudioDevice initialized.
[2016.01.07-15.03.00:690][  0]LogDerivedDataCache: Saved boot cache 0.02s 41MB C:/Users/armabon/AppData/Local/UnrealEngine/4.10/DerivedDataCache/Boot.ddc.
[2016.01.07-15.03.00:695][  0]LogInit: Texture streaming: Enabled
[2016.01.07-15.03.00:701][  0]LogAnalytics: Creating configured Analytics provider AnalyticsET
[2016.01.07-15.03.00:701][  0]LogAnalytics: [UEEditor.Rocket.Release] APIServer = http://et2.epicgames.com/ET2/. AppVersion = 4.10.1-2791327+++depot+UE4-Releases+4.10
[2016.01.07-15.03.00:701][  0]LogAnalytics: [UEEditor.Rocket.Release] SetUserId e917cabe48e5e0b04bed72aad24958c2|5a8b0dce88eb42d7abdc23d8f37ce17e|1840679b-9da5-4763-bd51-caa87c82b4c3
[2016.01.07-15.03.00:701][  0]LogAnalytics: [UEEditor.Rocket.Release] AnalyticsET::StartSession
[2016.01.07-15.03.00:734][  0]LogInit: Transaction tracking system initialized
[2016.01.07-15.03.00:762][  0]BlueprintLog: New page: Editor Load
[2016.01.07-15.03.00:839][  0]LocalizationService: Info Localization service is disabled
[2016.01.07-15.03.00:904][  0]LogConsoleResponse:Display: 
[2016.01.07-15.03.01:002][  0]LogCook:Display: Done creating registry. It took  0.00s.
[2016.01.07-15.03.01:064][  0]LogFileCache: Scanning file cache for directory 'D:/Work/ATI/Intensif/Semaine_3/Pototype_2/Prototype/ideassey/Content/' took 0.01s
[2016.01.07-15.03.01:064][  0]SourceControl: Info Source control is disabled
[2016.01.07-15.03.01:065][  0]Cmd: MAP LOAD FILE="D:/Work/ATI/Intensif/Semaine_3/Pototype_2/Prototype/ideassey/Content/ThirdPersonBP/Maps/ThirdPersonExampleMap.umap" TEMPLATE=0 SHOWPROGRESS=1 FEATURELEVEL=3
[2016.01.07-15.03.01:154][  0]LightingResults: New page: Lighting Build
[2016.01.07-15.03.01:157][  0]MapCheck: New page: Map Check
[2016.01.07-15.03.01:157][  0]LightingResults: New page: Lighting Build
[2016.01.07-15.03.01:169][  0]LogParticles: Destroying 0 GPU particle simulations for FXSystem 0x00000127E63BFB00
[2016.01.07-15.03.01:602][  0]LogAIModule: Creating AISystem for world ThirdPersonExampleMap
[2016.01.07-15.03.01:612][  0]LogEditorServer: Finished looking for orphan Actors (0.000 secs)
[2016.01.07-15.03.01:613][  0]Cmd: MAP CHECKDEP NOCLEARLOG
[2016.01.07-15.03.01:661][  0]MapCheck: Info Map 